Namespace(seed=None, subsetlr=0.05, lr=0.005, warmup_ratio=0.06, batch_size=32, step_batch_size=None, epoch=50, max_length=256, weight_decay=0, dataset_name='wic', model_name_or_path='t5-base', tokenizer_name_or_path='t5-base', random_seed=42, method='prefix-routing', num_virtual_tokens=1, num_shared_virtual_tokens=20, num_virtual_tokens_full=2, routing_level='prompt', consistency_alpha=0.1, init_copy=True, perturb_router=1, topk=1, stochastic=False, gumbel=False, shareType='Prepend', sharedEmbeddinglr=0.05, routerlr=0.0005, apply_adaptive_mask=1)
lr=0.005 batch_size=32 epoch=50 num_virtual_tokens=1 random_seed=42
Formatting dataset:   0%|                                                  | 0/4884 [00:00<?, ?it/s]Formatting dataset:  14%|█████▏                                | 671/4884 [00:00<00:00, 6703.29it/s]Formatting dataset:  29%|██████████▋                          | 1406/4884 [00:00<00:00, 7083.08it/s]Formatting dataset:  43%|████████████████                     | 2117/4884 [00:00<00:00, 7089.69it/s]Formatting dataset:  58%|█████████████████████▌               | 2844/4884 [00:00<00:00, 7158.95it/s]Formatting dataset:  74%|███████████████████████████▏         | 3595/4884 [00:00<00:00, 7284.16it/s]Formatting dataset:  89%|████████████████████████████████▊    | 4324/4884 [00:00<00:00, 7228.93it/s]Formatting dataset: 100%|█████████████████████████████████████| 4884/4884 [00:00<00:00, 7153.11it/s]
Formatting dataset:   0%|                                                   | 0/544 [00:00<?, ?it/s]Formatting dataset: 100%|███████████████████████████████████████| 544/544 [00:00<00:00, 6937.05it/s]
Formatting dataset:   0%|                                                   | 0/638 [00:00<?, ?it/s]Formatting dataset:  99%|██████████████████████████████████████▌| 630/638 [00:00<00:00, 6294.11it/s]Formatting dataset: 100%|███████████████████████████████████████| 638/638 [00:00<00:00, 6283.53it/s]
prompt_encoder.mask 240
prompt_encoder.subsetMask 24
prompt_encoder.embedding.weight 36864
prompt_encoder.sharedEmbedding.weight 368640
prompt_encoder.router.0.weight 1536
trainable params: 407304 || all params: 223289352 || trainable%: 0.18241084778641842
Train:   0%|                                                                | 0/153 [00:00<?, ?it/s]                                                                                                    Traceback (most recent call last):
  File "/root/SMoP/scripts/train.py", line 616, in <module>
    train(args)
  File "/root/SMoP/scripts/train.py", line 230, in train
    train_loss, step, log_loss, train_time = train_epoch(model, optimizer, scheduler, scaler, train_dataloader, accum_steps, tb_writer, step, log_step, log_loss, device, metric, tokenizer)
  File "/root/SMoP/scripts/train.py", line 367, in train_epoch
    outputs = model.forward(input_ids=input_ids, attention_mask=att_mask, labels=labels)
  File "/root/SMoP/peft_models/peft_model.py", line 783, in forward
    return self.base_model(input_ids=input_ids, decoder_input_ids=decoder_input_ids, past_key_values=past_prompt, **kwargs)
  File "/opt/conda/lib/python3.10/site-packages/torch/nn/modules/module.py", line 1511, in _wrapped_call_impl
    return self._call_impl(*args, **kwargs)
  File "/opt/conda/lib/python3.10/site-packages/torch/nn/modules/module.py", line 1520, in _call_impl
    return forward_call(*args, **kwargs)
  File "/root/SMoP/src/t5_with_encoder_prefix.py", line 121, in forward
    decoder_outputs = self.decoder(
  File "/opt/conda/lib/python3.10/site-packages/torch/nn/modules/module.py", line 1511, in _wrapped_call_impl
    return self._call_impl(*args, **kwargs)
  File "/opt/conda/lib/python3.10/site-packages/torch/nn/modules/module.py", line 1520, in _call_impl
    return forward_call(*args, **kwargs)
  File "/opt/conda/lib/python3.10/site-packages/transformers/models/t5/modeling_t5.py", line 1106, in forward
    layer_outputs = layer_module(
  File "/opt/conda/lib/python3.10/site-packages/torch/nn/modules/module.py", line 1511, in _wrapped_call_impl
    return self._call_impl(*args, **kwargs)
  File "/opt/conda/lib/python3.10/site-packages/torch/nn/modules/module.py", line 1520, in _call_impl
    return forward_call(*args, **kwargs)
  File "/opt/conda/lib/python3.10/site-packages/transformers/models/t5/modeling_t5.py", line 716, in forward
    cross_attention_outputs = self.layer[1](
  File "/opt/conda/lib/python3.10/site-packages/torch/nn/modules/module.py", line 1511, in _wrapped_call_impl
    return self._call_impl(*args, **kwargs)
  File "/opt/conda/lib/python3.10/site-packages/torch/nn/modules/module.py", line 1520, in _call_impl
    return forward_call(*args, **kwargs)
  File "/opt/conda/lib/python3.10/site-packages/transformers/models/t5/modeling_t5.py", line 627, in forward
    attention_output = self.EncDecAttention(
  File "/opt/conda/lib/python3.10/site-packages/torch/nn/modules/module.py", line 1511, in _wrapped_call_impl
    return self._call_impl(*args, **kwargs)
  File "/opt/conda/lib/python3.10/site-packages/torch/nn/modules/module.py", line 1520, in _call_impl
    return forward_call(*args, **kwargs)
  File "/opt/conda/lib/python3.10/site-packages/transformers/models/t5/modeling_t5.py", line 518, in forward
    value_states = project(
  File "/opt/conda/lib/python3.10/site-packages/transformers/models/t5/modeling_t5.py", line 505, in project
    hidden_states = shape(proj_layer(key_value_states))
  File "/opt/conda/lib/python3.10/site-packages/torch/nn/modules/module.py", line 1511, in _wrapped_call_impl
    return self._call_impl(*args, **kwargs)
  File "/opt/conda/lib/python3.10/site-packages/torch/nn/modules/module.py", line 1520, in _call_impl
    return forward_call(*args, **kwargs)
  File "/opt/conda/lib/python3.10/site-packages/torch/nn/modules/linear.py", line 116, in forward
    return F.linear(input, self.weight, self.bias)
torch.cuda.OutOfMemoryError: CUDA out of memory. Tried to allocate 20.00 MiB. GPU 0 has a total capacity of 23.68 GiB of which 2.44 MiB is free. Process 2353096 has 6.94 GiB memory in use. Process 2353097 has 5.82 GiB memory in use. Process 2353098 has 6.26 GiB memory in use. Process 2360387 has 1.54 GiB memory in use. Process 2360385 has 1.34 GiB memory in use. Process 2360386 has 1.75 GiB memory in use. Of the allocated memory 1.22 GiB is allocated by PyTorch, and 83.79 MiB is reserved by PyTorch but unallocated. If reserved but unallocated memory is large try setting PYTORCH_CUDA_ALLOC_CONF=expandable_segments:True to avoid fragmentation.  See documentation for Memory Management  (https://pytorch.org/docs/stable/notes/cuda.html#environment-variables)
