usage: train.py [-h] [--seed SEED] [--subsetlr SUBSETLR] [--lr LR]
                [--warmup_ratio WARMUP_RATIO] [--batch_size BATCH_SIZE]
                [--step_batch_size STEP_BATCH_SIZE] [--epoch EPOCH]
                [--max_length MAX_LENGTH] [--weight_decay WEIGHT_DECAY]
                [--dataset_name DATASET_NAME]
                [--model_name_or_path MODEL_NAME_OR_PATH]
                [--tokenizer_name_or_path TOKENIZER_NAME_OR_PATH]
                [--random_seed RANDOM_SEED]
                [--method {full,lora,prefix-tuning,p-tuning,prompt-tuning,prompt-routing,prefix-routing}]
                [--num_virtual_tokens NUM_VIRTUAL_TOKENS]
                [--num_shared_virtual_tokens NUM_SHARED_VIRTUAL_TOKENS]
                [--num_virtual_tokens_full NUM_VIRTUAL_TOKENS_FULL]
                [--routing_level ROUTING_LEVEL]
                [--consistency_alpha CONSISTENCY_ALPHA]
                [--init_copy INIT_COPY] [--perturb_router PERTURB_ROUTER]
                [--topk TOPK] [--stochastic STOCHASTIC] [--gumbel GUMBEL]
                [--shareType SHARETYPE]
                [--sharedEmbeddinglr SHAREDEMBEDDINGLR] [--routerlr ROUTERLR]
                [--apply_adaptive_mask APPLY_ADAPTIVE_MASK]
train.py: error: argument --apply_adaptive_mask: invalid strtobool value: '>'
usage: train.py [-h] [--seed SEED] [--subsetlr SUBSETLR] [--lr LR]
                [--warmup_ratio WARMUP_RATIO] [--batch_size BATCH_SIZE]
                [--step_batch_size STEP_BATCH_SIZE] [--epoch EPOCH]
                [--max_length MAX_LENGTH] [--weight_decay WEIGHT_DECAY]
                [--dataset_name DATASET_NAME]
                [--model_name_or_path MODEL_NAME_OR_PATH]
                [--tokenizer_name_or_path TOKENIZER_NAME_OR_PATH]
                [--random_seed RANDOM_SEED]
                [--method {full,lora,prefix-tuning,p-tuning,prompt-tuning,prompt-routing,prefix-routing}]
                [--num_virtual_tokens NUM_VIRTUAL_TOKENS]
                [--num_shared_virtual_tokens NUM_SHARED_VIRTUAL_TOKENS]
                [--num_virtual_tokens_full NUM_VIRTUAL_TOKENS_FULL]
                [--routing_level ROUTING_LEVEL]
                [--consistency_alpha CONSISTENCY_ALPHA]
                [--init_copy INIT_COPY] [--perturb_router PERTURB_ROUTER]
                [--topk TOPK] [--stochastic STOCHASTIC] [--gumbel GUMBEL]
                [--shareType SHARETYPE]
                [--sharedEmbeddinglr SHAREDEMBEDDINGLR] [--routerlr ROUTERLR]
                [--apply_adaptive_mask APPLY_ADAPTIVE_MASK]
train.py: error: argument --apply_adaptive_mask: invalid strtobool value: '>'
usage: train.py [-h] [--seed SEED] [--subsetlr SUBSETLR] [--lr LR]
                [--warmup_ratio WARMUP_RATIO] [--batch_size BATCH_SIZE]
                [--step_batch_size STEP_BATCH_SIZE] [--epoch EPOCH]
                [--max_length MAX_LENGTH] [--weight_decay WEIGHT_DECAY]
                [--dataset_name DATASET_NAME]
                [--model_name_or_path MODEL_NAME_OR_PATH]
                [--tokenizer_name_or_path TOKENIZER_NAME_OR_PATH]
                [--random_seed RANDOM_SEED]
                [--method {full,lora,prefix-tuning,p-tuning,prompt-tuning,prompt-routing,prefix-routing}]
                [--num_virtual_tokens NUM_VIRTUAL_TOKENS]
                [--num_shared_virtual_tokens NUM_SHARED_VIRTUAL_TOKENS]
                [--num_virtual_tokens_full NUM_VIRTUAL_TOKENS_FULL]
                [--routing_level ROUTING_LEVEL]
                [--consistency_alpha CONSISTENCY_ALPHA]
                [--init_copy INIT_COPY] [--perturb_router PERTURB_ROUTER]
                [--topk TOPK] [--stochastic STOCHASTIC] [--gumbel GUMBEL]
                [--shareType SHARETYPE]
                [--sharedEmbeddinglr SHAREDEMBEDDINGLR] [--routerlr ROUTERLR]
                [--apply_adaptive_mask APPLY_ADAPTIVE_MASK]
train.py: error: argument --apply_adaptive_mask: invalid strtobool value: '>'
usage: train.py [-h] [--seed SEED] [--subsetlr SUBSETLR] [--lr LR]
                [--warmup_ratio WARMUP_RATIO] [--batch_size BATCH_SIZE]
                [--step_batch_size STEP_BATCH_SIZE] [--epoch EPOCH]
                [--max_length MAX_LENGTH] [--weight_decay WEIGHT_DECAY]
                [--dataset_name DATASET_NAME]
                [--model_name_or_path MODEL_NAME_OR_PATH]
                [--tokenizer_name_or_path TOKENIZER_NAME_OR_PATH]
                [--random_seed RANDOM_SEED]
                [--method {full,lora,prefix-tuning,p-tuning,prompt-tuning,prompt-routing,prefix-routing}]
                [--num_virtual_tokens NUM_VIRTUAL_TOKENS]
                [--num_shared_virtual_tokens NUM_SHARED_VIRTUAL_TOKENS]
                [--num_virtual_tokens_full NUM_VIRTUAL_TOKENS_FULL]
                [--routing_level ROUTING_LEVEL]
                [--consistency_alpha CONSISTENCY_ALPHA]
                [--init_copy INIT_COPY] [--perturb_router PERTURB_ROUTER]
                [--topk TOPK] [--stochastic STOCHASTIC] [--gumbel GUMBEL]
                [--shareType SHARETYPE]
                [--sharedEmbeddinglr SHAREDEMBEDDINGLR] [--routerlr ROUTERLR]
                [--apply_adaptive_mask APPLY_ADAPTIVE_MASK]
train.py: error: argument --apply_adaptive_mask: invalid strtobool value: 'True>'
usage: train.py [-h] [--seed SEED] [--subsetlr SUBSETLR] [--lr LR]
                [--warmup_ratio WARMUP_RATIO] [--batch_size BATCH_SIZE]
                [--step_batch_size STEP_BATCH_SIZE] [--epoch EPOCH]
                [--max_length MAX_LENGTH] [--weight_decay WEIGHT_DECAY]
                [--dataset_name DATASET_NAME]
                [--model_name_or_path MODEL_NAME_OR_PATH]
                [--tokenizer_name_or_path TOKENIZER_NAME_OR_PATH]
                [--random_seed RANDOM_SEED]
                [--method {full,lora,prefix-tuning,p-tuning,prompt-tuning,prompt-routing,prefix-routing}]
                [--num_virtual_tokens NUM_VIRTUAL_TOKENS]
                [--num_shared_virtual_tokens NUM_SHARED_VIRTUAL_TOKENS]
                [--num_virtual_tokens_full NUM_VIRTUAL_TOKENS_FULL]
                [--routing_level ROUTING_LEVEL]
                [--consistency_alpha CONSISTENCY_ALPHA]
                [--init_copy INIT_COPY] [--perturb_router PERTURB_ROUTER]
                [--topk TOPK] [--stochastic STOCHASTIC] [--gumbel GUMBEL]
                [--shareType SHARETYPE]
                [--sharedEmbeddinglr SHAREDEMBEDDINGLR] [--routerlr ROUTERLR]
                [--apply_adaptive_mask APPLY_ADAPTIVE_MASK]
train.py: error: argument --apply_adaptive_mask: invalid strtobool value: 'True>'
usage: train.py [-h] [--seed SEED] [--subsetlr SUBSETLR] [--lr LR]
                [--warmup_ratio WARMUP_RATIO] [--batch_size BATCH_SIZE]
                [--step_batch_size STEP_BATCH_SIZE] [--epoch EPOCH]
                [--max_length MAX_LENGTH] [--weight_decay WEIGHT_DECAY]
                [--dataset_name DATASET_NAME]
                [--model_name_or_path MODEL_NAME_OR_PATH]
                [--tokenizer_name_or_path TOKENIZER_NAME_OR_PATH]
                [--random_seed RANDOM_SEED]
                [--method {full,lora,prefix-tuning,p-tuning,prompt-tuning,prompt-routing,prefix-routing}]
                [--num_virtual_tokens NUM_VIRTUAL_TOKENS]
                [--num_shared_virtual_tokens NUM_SHARED_VIRTUAL_TOKENS]
                [--num_virtual_tokens_full NUM_VIRTUAL_TOKENS_FULL]
                [--routing_level ROUTING_LEVEL]
                [--consistency_alpha CONSISTENCY_ALPHA]
                [--init_copy INIT_COPY] [--perturb_router PERTURB_ROUTER]
                [--topk TOPK] [--stochastic STOCHASTIC] [--gumbel GUMBEL]
                [--shareType SHARETYPE]
                [--sharedEmbeddinglr SHAREDEMBEDDINGLR] [--routerlr ROUTERLR]
                [--apply_adaptive_mask APPLY_ADAPTIVE_MASK]
train.py: error: argument --apply_adaptive_mask: invalid strtobool value: 'True>'
